{"C:\\Users\\chris\\Team-Marvel\\server\\db\\dao\\playlistDao.js": {"path":"C:\\Users\\chris\\Team-Marvel\\server\\db\\dao\\playlistDao.js","statementMap":{"0":{"start":{"line":1,"column":17},"end":{"line":1,"column":36}},"1":{"start":{"line":2,"column":17},"end":{"line":2,"column":51}},"2":{"start":{"line":5,"column":22},"end":{"line":5,"column":44}},"3":{"start":{"line":6,"column":2},"end":{"line":6,"column":28}},"4":{"start":{"line":10,"column":2},"end":{"line":10,"column":25}},"5":{"start":{"line":14,"column":2},"end":{"line":14,"column":48}},"6":{"start":{"line":14,"column":36},"end":{"line":14,"column":48}},"7":{"start":{"line":15,"column":2},"end":{"line":15,"column":37}},"8":{"start":{"line":18,"column":0},"end":{"line":22,"column":2}}},"fnMap":{"0":{"name":"createPlaylist","decl":{"start":{"line":4,"column":9},"end":{"line":4,"column":23}},"loc":{"start":{"line":4,"column":34},"end":{"line":7,"column":1}},"line":4},"1":{"name":"findPlaylists","decl":{"start":{"line":9,"column":9},"end":{"line":9,"column":22}},"loc":{"start":{"line":9,"column":25},"end":{"line":11,"column":1}},"line":9},"2":{"name":"findPlaylistById","decl":{"start":{"line":13,"column":9},"end":{"line":13,"column":25}},"loc":{"start":{"line":13,"column":30},"end":{"line":16,"column":1}},"line":13}},"branchMap":{"0":{"loc":{"start":{"line":14,"column":2},"end":{"line":14,"column":48}},"type":"if","locations":[{"start":{"line":14,"column":2},"end":{"line":14,"column":48}},{"start":{},"end":{}}],"line":14}},"s":{"0":2,"1":2,"2":0,"3":0,"4":0,"5":0,"6":0,"7":0,"8":2},"f":{"0":0,"1":0,"2":0},"b":{"0":[0,0]},"_coverageSchema":"1a1c01bbd47fc00a2c39e90264f33305004495a9","hash":"413175d61aa7de18c3f87e25f471750af1cd5d0f"}
,"C:\\Users\\chris\\Team-Marvel\\server\\db\\dao\\userDao.js": {"path":"C:\\Users\\chris\\Team-Marvel\\server\\db\\dao\\userDao.js","statementMap":{"0":{"start":{"line":1,"column":17},"end":{"line":1,"column":36}},"1":{"start":{"line":2,"column":13},"end":{"line":2,"column":44}},"2":{"start":{"line":5,"column":15},"end":{"line":5,"column":45}},"3":{"start":{"line":6,"column":2},"end":{"line":6,"column":21}},"4":{"start":{"line":10,"column":2},"end":{"line":10,"column":34}},"5":{"start":{"line":14,"column":2},"end":{"line":14,"column":48}},"6":{"start":{"line":14,"column":36},"end":{"line":14,"column":48}},"7":{"start":{"line":15,"column":2},"end":{"line":15,"column":33}},"8":{"start":{"line":18,"column":0},"end":{"line":22,"column":2}}},"fnMap":{"0":{"name":"createUser","decl":{"start":{"line":4,"column":9},"end":{"line":4,"column":19}},"loc":{"start":{"line":4,"column":40},"end":{"line":7,"column":1}},"line":4},"1":{"name":"findUserByUsername","decl":{"start":{"line":9,"column":9},"end":{"line":9,"column":27}},"loc":{"start":{"line":9,"column":38},"end":{"line":11,"column":1}},"line":9},"2":{"name":"findUserById","decl":{"start":{"line":13,"column":9},"end":{"line":13,"column":21}},"loc":{"start":{"line":13,"column":26},"end":{"line":16,"column":1}},"line":13}},"branchMap":{"0":{"loc":{"start":{"line":14,"column":2},"end":{"line":14,"column":48}},"type":"if","locations":[{"start":{"line":14,"column":2},"end":{"line":14,"column":48}},{"start":{},"end":{}}],"line":14}},"s":{"0":2,"1":2,"2":0,"3":0,"4":0,"5":0,"6":0,"7":0,"8":2},"f":{"0":0,"1":0,"2":0},"b":{"0":[0,0]},"_coverageSchema":"1a1c01bbd47fc00a2c39e90264f33305004495a9","hash":"323272826c4a541f1d585e58db3cd83f066c44d4"}
,"C:\\Users\\chris\\Team-Marvel\\server\\db\\models\\playlistModel.js": {"path":"C:\\Users\\chris\\Team-Marvel\\server\\db\\models\\playlistModel.js","statementMap":{"0":{"start":{"line":1,"column":17},"end":{"line":1,"column":36}},"1":{"start":{"line":2,"column":15},"end":{"line":2,"column":30}},"2":{"start":{"line":4,"column":17},"end":{"line":10,"column":2}},"3":{"start":{"line":12,"column":0},"end":{"line":12,"column":53}}},"fnMap":{},"branchMap":{},"s":{"0":2,"1":2,"2":2,"3":2},"f":{},"b":{},"_coverageSchema":"1a1c01bbd47fc00a2c39e90264f33305004495a9","hash":"838494b8853064422506361dbe67ddeaeb87dd50"}
,"C:\\Users\\chris\\Team-Marvel\\server\\db\\models\\usersModel.js": {"path":"C:\\Users\\chris\\Team-Marvel\\server\\db\\models\\usersModel.js","statementMap":{"0":{"start":{"line":1,"column":17},"end":{"line":1,"column":36}},"1":{"start":{"line":2,"column":15},"end":{"line":2,"column":30}},"2":{"start":{"line":4,"column":13},"end":{"line":7,"column":2}},"3":{"start":{"line":9,"column":0},"end":{"line":9,"column":45}}},"fnMap":{},"branchMap":{},"s":{"0":2,"1":2,"2":2,"3":2},"f":{},"b":{},"_coverageSchema":"1a1c01bbd47fc00a2c39e90264f33305004495a9","hash":"d419555db39a3d3adbc0efd3932058c84fc041d6"}
,"C:\\Users\\chris\\Team-Marvel\\server\\lib\\converters\\modelToId.js": {"path":"C:\\Users\\chris\\Team-Marvel\\server\\lib\\converters\\modelToId.js","statementMap":{"0":{"start":{"line":1,"column":0},"end":{"line":5,"column":2}},"1":{"start":{"line":2,"column":17},"end":{"line":2,"column":19}},"2":{"start":{"line":3,"column":2},"end":{"line":3,"column":22}},"3":{"start":{"line":4,"column":2},"end":{"line":4,"column":16}}},"fnMap":{"0":{"name":"modelToId","decl":{"start":{"line":1,"column":26},"end":{"line":1,"column":35}},"loc":{"start":{"line":1,"column":41},"end":{"line":5,"column":1}},"line":1}},"branchMap":{},"s":{"0":2,"1":2,"2":2,"3":2},"f":{"0":2},"b":{},"_coverageSchema":"1a1c01bbd47fc00a2c39e90264f33305004495a9","hash":"dfec7bd7821ebb77072a0e7fbd9b5a4ee78515a4"}
,"C:\\Users\\chris\\Team-Marvel\\server\\lib\\converters\\playlistConverter.js": {"path":"C:\\Users\\chris\\Team-Marvel\\server\\lib\\converters\\playlistConverter.js","statementMap":{"0":{"start":{"line":2,"column":12},"end":{"line":2,"column":14}},"1":{"start":{"line":3,"column":2},"end":{"line":3,"column":43}},"2":{"start":{"line":4,"column":2},"end":{"line":9,"column":5}},"3":{"start":{"line":5,"column":20},"end":{"line":5,"column":22}},"4":{"start":{"line":6,"column":4},"end":{"line":6,"column":37}},"5":{"start":{"line":7,"column":4},"end":{"line":7,"column":35}},"6":{"start":{"line":8,"column":4},"end":{"line":8,"column":19}},"7":{"start":{"line":10,"column":2},"end":{"line":10,"column":13}},"8":{"start":{"line":13,"column":0},"end":{"line":15,"column":1}}},"fnMap":{"0":{"name":"playlistToObject","decl":{"start":{"line":1,"column":9},"end":{"line":1,"column":25}},"loc":{"start":{"line":1,"column":36},"end":{"line":11,"column":1}},"line":1},"1":{"name":"(anonymous_1)","decl":{"start":{"line":4,"column":33},"end":{"line":4,"column":34}},"loc":{"start":{"line":4,"column":43},"end":{"line":9,"column":3}},"line":4}},"branchMap":{},"s":{"0":1,"1":1,"2":1,"3":3,"4":3,"5":3,"6":3,"7":1,"8":2},"f":{"0":1,"1":3},"b":{},"_coverageSchema":"1a1c01bbd47fc00a2c39e90264f33305004495a9","hash":"1c04b115ee762ffde15ba9109b27f23718db2b62"}
,"C:\\Users\\chris\\Team-Marvel\\server\\lib\\converters\\userConverter.js": {"path":"C:\\Users\\chris\\Team-Marvel\\server\\lib\\converters\\userConverter.js","statementMap":{"0":{"start":{"line":2,"column":12},"end":{"line":2,"column":14}},"1":{"start":{"line":3,"column":2},"end":{"line":3,"column":31}},"2":{"start":{"line":4,"column":2},"end":{"line":4,"column":19}},"3":{"start":{"line":5,"column":2},"end":{"line":5,"column":13}},"4":{"start":{"line":8,"column":0},"end":{"line":10,"column":1}}},"fnMap":{"0":{"name":"userToObject","decl":{"start":{"line":1,"column":9},"end":{"line":1,"column":21}},"loc":{"start":{"line":1,"column":28},"end":{"line":6,"column":1}},"line":1}},"branchMap":{},"s":{"0":2,"1":2,"2":2,"3":2,"4":2},"f":{"0":2},"b":{},"_coverageSchema":"1a1c01bbd47fc00a2c39e90264f33305004495a9","hash":"fe6428cbdc70ad9f509a3fd623e0361028be04f8"}
,"C:\\Users\\chris\\Team-Marvel\\server\\lib\\passport\\authenticate.js": {"path":"C:\\Users\\chris\\Team-Marvel\\server\\lib\\passport\\authenticate.js","statementMap":{"0":{"start":{"line":1,"column":17},"end":{"line":1,"column":36}},"1":{"start":{"line":3,"column":0},"end":{"line":3,"column":64}}},"fnMap":{},"branchMap":{},"s":{"0":2,"1":2},"f":{},"b":{},"_coverageSchema":"1a1c01bbd47fc00a2c39e90264f33305004495a9","hash":"41b38a06bfcfb1fc38b3ec5b86f0b9f0dde4c467"}
,"C:\\Users\\chris\\Team-Marvel\\server\\lib\\passport\\config.js": {"path":"C:\\Users\\chris\\Team-Marvel\\server\\lib\\passport\\config.js","statementMap":{"0":{"start":{"line":1,"column":34},"end":{"line":1,"column":57}},"1":{"start":{"line":2,"column":25},"end":{"line":2,"column":56}},"2":{"start":{"line":5,"column":14},"end":{"line":5,"column":18}},"3":{"start":{"line":6,"column":2},"end":{"line":6,"column":55}},"4":{"start":{"line":6,"column":26},"end":{"line":6,"column":55}},"5":{"start":{"line":7,"column":2},"end":{"line":7,"column":15}},"6":{"start":{"line":10,"column":13},"end":{"line":13,"column":1}},"7":{"start":{"line":16,"column":0},"end":{"line":29,"column":2}},"8":{"start":{"line":17,"column":2},"end":{"line":28,"column":4}},"9":{"start":{"line":19,"column":6},"end":{"line":26,"column":40}},"10":{"start":{"line":21,"column":10},"end":{"line":23,"column":11}},"11":{"start":{"line":22,"column":12},"end":{"line":22,"column":36}},"12":{"start":{"line":24,"column":10},"end":{"line":24,"column":35}},"13":{"start":{"line":26,"column":22},"end":{"line":26,"column":38}}},"fnMap":{"0":{"name":"cookieExtractor","decl":{"start":{"line":4,"column":9},"end":{"line":4,"column":24}},"loc":{"start":{"line":4,"column":30},"end":{"line":8,"column":1}},"line":4},"1":{"name":"(anonymous_1)","decl":{"start":{"line":16,"column":17},"end":{"line":16,"column":18}},"loc":{"start":{"line":16,"column":29},"end":{"line":29,"column":1}},"line":16},"2":{"name":"(anonymous_2)","decl":{"start":{"line":18,"column":26},"end":{"line":18,"column":27}},"loc":{"start":{"line":18,"column":49},"end":{"line":27,"column":5}},"line":18},"3":{"name":"(anonymous_3)","decl":{"start":{"line":20,"column":14},"end":{"line":20,"column":15}},"loc":{"start":{"line":20,"column":22},"end":{"line":25,"column":9}},"line":20},"4":{"name":"(anonymous_4)","decl":{"start":{"line":26,"column":15},"end":{"line":26,"column":16}},"loc":{"start":{"line":26,"column":22},"end":{"line":26,"column":38}},"line":26}},"branchMap":{"0":{"loc":{"start":{"line":6,"column":2},"end":{"line":6,"column":55}},"type":"if","locations":[{"start":{"line":6,"column":2},"end":{"line":6,"column":55}},{"start":{},"end":{}}],"line":6},"1":{"loc":{"start":{"line":6,"column":6},"end":{"line":6,"column":24}},"type":"binary-expr","locations":[{"start":{"line":6,"column":6},"end":{"line":6,"column":9}},{"start":{"line":6,"column":13},"end":{"line":6,"column":24}}],"line":6},"2":{"loc":{"start":{"line":21,"column":10},"end":{"line":23,"column":11}},"type":"if","locations":[{"start":{"line":21,"column":10},"end":{"line":23,"column":11}},{"start":{},"end":{}}],"line":21}},"s":{"0":2,"1":2,"2":2,"3":2,"4":2,"5":2,"6":2,"7":2,"8":2,"9":2,"10":2,"11":2,"12":0,"13":0},"f":{"0":2,"1":2,"2":2,"3":2,"4":0},"b":{"0":[2,0],"1":[2,2],"2":[2,0]},"_coverageSchema":"1a1c01bbd47fc00a2c39e90264f33305004495a9","hash":"4e1a7a565eff97a9b7504537140b971417f3d3d2"}
,"C:\\Users\\chris\\Team-Marvel\\server\\lib\\validation\\playlistValidation.js": {"path":"C:\\Users\\chris\\Team-Marvel\\server\\lib\\validation\\playlistValidation.js","statementMap":{"0":{"start":{"line":1,"column":12},"end":{"line":1,"column":26}},"1":{"start":{"line":3,"column":27},"end":{"line":9,"column":2}},"2":{"start":{"line":11,"column":0},"end":{"line":13,"column":1}}},"fnMap":{},"branchMap":{},"s":{"0":2,"1":2,"2":2},"f":{},"b":{},"_coverageSchema":"1a1c01bbd47fc00a2c39e90264f33305004495a9","hash":"75a797e9602969407f830531a993a16e1c117682"}
,"C:\\Users\\chris\\Team-Marvel\\server\\lib\\validation\\userValidation.js": {"path":"C:\\Users\\chris\\Team-Marvel\\server\\lib\\validation\\userValidation.js","statementMap":{"0":{"start":{"line":1,"column":12},"end":{"line":1,"column":26}},"1":{"start":{"line":3,"column":26},"end":{"line":6,"column":2}},"2":{"start":{"line":8,"column":0},"end":{"line":10,"column":1}}},"fnMap":{},"branchMap":{},"s":{"0":2,"1":2,"2":2},"f":{},"b":{},"_coverageSchema":"1a1c01bbd47fc00a2c39e90264f33305004495a9","hash":"34026a503b71756eba886bd348bce66ce824a7f0"}
,"C:\\Users\\chris\\Team-Marvel\\server\\routes\\playlistRoutes.js": {"path":"C:\\Users\\chris\\Team-Marvel\\server\\routes\\playlistRoutes.js","statementMap":{"0":{"start":{"line":1,"column":15},"end":{"line":1,"column":42}},"1":{"start":{"line":2,"column":21},"end":{"line":2,"column":60}},"2":{"start":{"line":3,"column":31},"end":{"line":3,"column":78}},"3":{"start":{"line":4,"column":60},"end":{"line":4,"column":92}},"4":{"start":{"line":5,"column":18},"end":{"line":5,"column":56}},"5":{"start":{"line":6,"column":29},"end":{"line":6,"column":75}},"6":{"start":{"line":8,"column":0},"end":{"line":20,"column":3}},"7":{"start":{"line":10,"column":33},"end":{"line":10,"column":70}},"8":{"start":{"line":11,"column":2},"end":{"line":11,"column":77}},"9":{"start":{"line":11,"column":12},"end":{"line":11,"column":77}},"10":{"start":{"line":13,"column":2},"end":{"line":18,"column":3}},"11":{"start":{"line":14,"column":21},"end":{"line":14,"column":47}},"12":{"start":{"line":15,"column":4},"end":{"line":15,"column":53}},"13":{"start":{"line":17,"column":4},"end":{"line":17,"column":72}},"14":{"start":{"line":22,"column":0},"end":{"line":25,"column":2}},"15":{"start":{"line":23,"column":20},"end":{"line":23,"column":41}},"16":{"start":{"line":24,"column":2},"end":{"line":24,"column":40}},"17":{"start":{"line":27,"column":0},"end":{"line":31,"column":2}},"18":{"start":{"line":28,"column":19},"end":{"line":28,"column":56}},"19":{"start":{"line":29,"column":2},"end":{"line":29,"column":77}},"20":{"start":{"line":29,"column":16},"end":{"line":29,"column":77}},"21":{"start":{"line":30,"column":2},"end":{"line":30,"column":58}},"22":{"start":{"line":33,"column":0},"end":{"line":33,"column":24}}},"fnMap":{"0":{"name":"(anonymous_0)","decl":{"start":{"line":8,"column":17},"end":{"line":8,"column":18}},"loc":{"start":{"line":8,"column":37},"end":{"line":20,"column":1}},"line":8},"1":{"name":"(anonymous_1)","decl":{"start":{"line":22,"column":16},"end":{"line":22,"column":17}},"loc":{"start":{"line":22,"column":36},"end":{"line":25,"column":1}},"line":22},"2":{"name":"(anonymous_2)","decl":{"start":{"line":27,"column":19},"end":{"line":27,"column":20}},"loc":{"start":{"line":27,"column":39},"end":{"line":31,"column":1}},"line":27}},"branchMap":{"0":{"loc":{"start":{"line":11,"column":2},"end":{"line":11,"column":77}},"type":"if","locations":[{"start":{"line":11,"column":2},"end":{"line":11,"column":77}},{"start":{},"end":{}}],"line":11},"1":{"loc":{"start":{"line":29,"column":2},"end":{"line":29,"column":77}},"type":"if","locations":[{"start":{"line":29,"column":2},"end":{"line":29,"column":77}},{"start":{},"end":{}}],"line":29}},"s":{"0":2,"1":2,"2":2,"3":2,"4":2,"5":2,"6":2,"7":1,"8":1,"9":0,"10":1,"11":1,"12":1,"13":0,"14":2,"15":1,"16":1,"17":2,"18":1,"19":1,"20":0,"21":1,"22":2},"f":{"0":1,"1":1,"2":1},"b":{"0":[0,1],"1":[0,1]},"_coverageSchema":"1a1c01bbd47fc00a2c39e90264f33305004495a9","hash":"e4034524efd3baccea51fd99cd713eb6418961c9"}
,"C:\\Users\\chris\\Team-Marvel\\server\\routes\\spotifyRoutes.js": {"path":"C:\\Users\\chris\\Team-Marvel\\server\\routes\\spotifyRoutes.js","statementMap":{"0":{"start":{"line":1,"column":15},"end":{"line":1,"column":42}},"1":{"start":{"line":2,"column":20},"end":{"line":2,"column":51}},"2":{"start":{"line":4,"column":21},"end":{"line":4,"column":52}},"3":{"start":{"line":6,"column":0},"end":{"line":26,"column":2}},"4":{"start":{"line":8,"column":19},"end":{"line":11,"column":4}},"5":{"start":{"line":13,"column":2},"end":{"line":25,"column":7}},"6":{"start":{"line":17,"column":6},"end":{"line":17,"column":56}},"7":{"start":{"line":18,"column":6},"end":{"line":21,"column":9}},"8":{"start":{"line":24,"column":6},"end":{"line":24,"column":78}},"9":{"start":{"line":28,"column":0},"end":{"line":28,"column":24}}},"fnMap":{"0":{"name":"(anonymous_0)","decl":{"start":{"line":6,"column":29},"end":{"line":6,"column":30}},"loc":{"start":{"line":6,"column":49},"end":{"line":26,"column":1}},"line":6},"1":{"name":"(anonymous_1)","decl":{"start":{"line":15,"column":10},"end":{"line":15,"column":11}},"loc":{"start":{"line":15,"column":18},"end":{"line":22,"column":5}},"line":15},"2":{"name":"(anonymous_2)","decl":{"start":{"line":23,"column":11},"end":{"line":23,"column":12}},"loc":{"start":{"line":23,"column":17},"end":{"line":25,"column":5}},"line":23}},"branchMap":{"0":{"loc":{"start":{"line":4,"column":21},"end":{"line":4,"column":52}},"type":"binary-expr","locations":[{"start":{"line":4,"column":21},"end":{"line":4,"column":46}},{"start":{"line":4,"column":50},"end":{"line":4,"column":52}}],"line":4}},"s":{"0":2,"1":2,"2":2,"3":2,"4":0,"5":0,"6":0,"7":0,"8":0,"9":2},"f":{"0":0,"1":0,"2":0},"b":{"0":[2,0]},"_coverageSchema":"1a1c01bbd47fc00a2c39e90264f33305004495a9","hash":"5a707398ceaec6a8d41b150525a042450b006843"}
,"C:\\Users\\chris\\Team-Marvel\\server\\routes\\usersRoutes.js": {"path":"C:\\Users\\chris\\Team-Marvel\\server\\routes\\usersRoutes.js","statementMap":{"0":{"start":{"line":1,"column":15},"end":{"line":1,"column":42}},"1":{"start":{"line":2,"column":16},"end":{"line":2,"column":33}},"2":{"start":{"line":3,"column":12},"end":{"line":3,"column":35}},"3":{"start":{"line":4,"column":57},"end":{"line":4,"column":85}},"4":{"start":{"line":5,"column":30},"end":{"line":5,"column":73}},"5":{"start":{"line":6,"column":25},"end":{"line":6,"column":67}},"6":{"start":{"line":7,"column":18},"end":{"line":7,"column":56}},"7":{"start":{"line":8,"column":21},"end":{"line":8,"column":60}},"8":{"start":{"line":11,"column":0},"end":{"line":13,"column":3}},"9":{"start":{"line":12,"column":2},"end":{"line":12,"column":47}},"10":{"start":{"line":15,"column":0},"end":{"line":19,"column":2}},"11":{"start":{"line":16,"column":15},"end":{"line":16,"column":60}},"12":{"start":{"line":17,"column":2},"end":{"line":17,"column":69}},"13":{"start":{"line":17,"column":12},"end":{"line":17,"column":69}},"14":{"start":{"line":18,"column":2},"end":{"line":18,"column":50}},"15":{"start":{"line":21,"column":0},"end":{"line":39,"column":2}},"16":{"start":{"line":22,"column":32},"end":{"line":22,"column":68}},"17":{"start":{"line":23,"column":2},"end":{"line":23,"column":77}},"18":{"start":{"line":23,"column":12},"end":{"line":23,"column":77}},"19":{"start":{"line":25,"column":15},"end":{"line":25,"column":54}},"20":{"start":{"line":26,"column":2},"end":{"line":26,"column":140}},"21":{"start":{"line":26,"column":67},"end":{"line":26,"column":140}},"22":{"start":{"line":29,"column":2},"end":{"line":38,"column":4}},"23":{"start":{"line":34,"column":6},"end":{"line":34,"column":72}},"24":{"start":{"line":34,"column":14},"end":{"line":34,"column":72}},"25":{"start":{"line":35,"column":6},"end":{"line":35,"column":92}},"26":{"start":{"line":36,"column":6},"end":{"line":36,"column":67}},"27":{"start":{"line":41,"column":0},"end":{"line":63,"column":3}},"28":{"start":{"line":44,"column":33},"end":{"line":44,"column":69}},"29":{"start":{"line":45,"column":2},"end":{"line":45,"column":77}},"30":{"start":{"line":45,"column":12},"end":{"line":45,"column":77}},"31":{"start":{"line":48,"column":2},"end":{"line":48,"column":112}},"32":{"start":{"line":48,"column":46},"end":{"line":48,"column":112}},"33":{"start":{"line":50,"column":2},"end":{"line":62,"column":3}},"34":{"start":{"line":53,"column":17},"end":{"line":53,"column":39}},"35":{"start":{"line":54,"column":4},"end":{"line":54,"column":59}},"36":{"start":{"line":55,"column":4},"end":{"line":55,"column":36}},"37":{"start":{"line":56,"column":17},"end":{"line":56,"column":63}},"38":{"start":{"line":59,"column":4},"end":{"line":59,"column":49}},"39":{"start":{"line":61,"column":4},"end":{"line":61,"column":68}},"40":{"start":{"line":65,"column":0},"end":{"line":65,"column":24}}},"fnMap":{"0":{"name":"(anonymous_0)","decl":{"start":{"line":11,"column":30},"end":{"line":11,"column":31}},"loc":{"start":{"line":11,"column":44},"end":{"line":13,"column":1}},"line":11},"1":{"name":"(anonymous_1)","decl":{"start":{"line":15,"column":39},"end":{"line":15,"column":40}},"loc":{"start":{"line":15,"column":59},"end":{"line":19,"column":1}},"line":15},"2":{"name":"(anonymous_2)","decl":{"start":{"line":21,"column":22},"end":{"line":21,"column":23}},"loc":{"start":{"line":21,"column":42},"end":{"line":39,"column":1}},"line":21},"3":{"name":"(anonymous_3)","decl":{"start":{"line":33,"column":4},"end":{"line":33,"column":5}},"loc":{"start":{"line":33,"column":20},"end":{"line":37,"column":5}},"line":33},"4":{"name":"(anonymous_4)","decl":{"start":{"line":41,"column":17},"end":{"line":41,"column":18}},"loc":{"start":{"line":41,"column":37},"end":{"line":63,"column":1}},"line":41}},"branchMap":{"0":{"loc":{"start":{"line":17,"column":2},"end":{"line":17,"column":69}},"type":"if","locations":[{"start":{"line":17,"column":2},"end":{"line":17,"column":69}},{"start":{},"end":{}}],"line":17},"1":{"loc":{"start":{"line":23,"column":2},"end":{"line":23,"column":77}},"type":"if","locations":[{"start":{"line":23,"column":2},"end":{"line":23,"column":77}},{"start":{},"end":{}}],"line":23},"2":{"loc":{"start":{"line":26,"column":2},"end":{"line":26,"column":140}},"type":"if","locations":[{"start":{"line":26,"column":2},"end":{"line":26,"column":140}},{"start":{},"end":{}}],"line":26},"3":{"loc":{"start":{"line":26,"column":5},"end":{"line":26,"column":65}},"type":"binary-expr","locations":[{"start":{"line":26,"column":5},"end":{"line":26,"column":10}},{"start":{"line":26,"column":14},"end":{"line":26,"column":65}}],"line":26},"4":{"loc":{"start":{"line":34,"column":6},"end":{"line":34,"column":72}},"type":"if","locations":[{"start":{"line":34,"column":6},"end":{"line":34,"column":72}},{"start":{},"end":{}}],"line":34},"5":{"loc":{"start":{"line":45,"column":2},"end":{"line":45,"column":77}},"type":"if","locations":[{"start":{"line":45,"column":2},"end":{"line":45,"column":77}},{"start":{},"end":{}}],"line":45},"6":{"loc":{"start":{"line":48,"column":2},"end":{"line":48,"column":112}},"type":"if","locations":[{"start":{"line":48,"column":2},"end":{"line":48,"column":112}},{"start":{},"end":{}}],"line":48}},"s":{"0":2,"1":2,"2":2,"3":2,"4":2,"5":2,"6":2,"7":2,"8":2,"9":1,"10":2,"11":1,"12":1,"13":0,"14":1,"15":2,"16":1,"17":1,"18":0,"19":1,"20":1,"21":0,"22":1,"23":1,"24":0,"25":1,"26":1,"27":2,"28":1,"29":1,"30":0,"31":1,"32":0,"33":1,"34":1,"35":1,"36":1,"37":1,"38":1,"39":0,"40":2},"f":{"0":1,"1":1,"2":1,"3":1,"4":1},"b":{"0":[0,1],"1":[0,1],"2":[0,1],"3":[1,1],"4":[0,1],"5":[0,1],"6":[0,1]},"_coverageSchema":"1a1c01bbd47fc00a2c39e90264f33305004495a9","hash":"ef4f14c09826413721b6d20c2abda0f06760a301"}
,"C:\\Users\\chris\\Team-Marvel\\server\\servers\\express.js": {"path":"C:\\Users\\chris\\Team-Marvel\\server\\servers\\express.js","statementMap":{"0":{"start":{"line":1,"column":16},"end":{"line":1,"column":34}},"1":{"start":{"line":2,"column":12},"end":{"line":2,"column":21}},"2":{"start":{"line":3,"column":13},"end":{"line":3,"column":28}},"3":{"start":{"line":4,"column":15},"end":{"line":4,"column":32}},"4":{"start":{"line":5,"column":17},"end":{"line":5,"column":36}},"5":{"start":{"line":6,"column":23},"end":{"line":6,"column":56}},"6":{"start":{"line":7,"column":21},"end":{"line":7,"column":45}},"7":{"start":{"line":8,"column":19},"end":{"line":8,"column":51}},"8":{"start":{"line":9,"column":21},"end":{"line":9,"column":55}},"9":{"start":{"line":10,"column":22},"end":{"line":10,"column":57}},"10":{"start":{"line":12,"column":0},"end":{"line":12,"column":24}},"11":{"start":{"line":13,"column":0},"end":{"line":13,"column":49}},"12":{"start":{"line":14,"column":0},"end":{"line":14,"column":23}},"13":{"start":{"line":15,"column":0},"end":{"line":15,"column":16}},"14":{"start":{"line":16,"column":0},"end":{"line":16,"column":23}},"15":{"start":{"line":17,"column":0},"end":{"line":17,"column":31}},"16":{"start":{"line":18,"column":0},"end":{"line":18,"column":25}},"17":{"start":{"line":20,"column":0},"end":{"line":20,"column":34}},"18":{"start":{"line":21,"column":0},"end":{"line":21,"column":38}},"19":{"start":{"line":22,"column":0},"end":{"line":22,"column":41}},"20":{"start":{"line":24,"column":0},"end":{"line":24,"column":21}}},"fnMap":{},"branchMap":{},"s":{"0":2,"1":2,"2":2,"3":2,"4":2,"5":2,"6":2,"7":2,"8":2,"9":2,"10":2,"11":2,"12":2,"13":2,"14":2,"15":2,"16":2,"17":2,"18":2,"19":2,"20":2},"f":{},"b":{},"_coverageSchema":"1a1c01bbd47fc00a2c39e90264f33305004495a9","hash":"1a4b8c2b7f44eed43b9c9127dc7c378c2f441665"}
}
