TN:
SF:db\dao\playlistDao.js
FN:4,createPlaylist
FN:9,findPlaylists
FN:13,findPlaylistById
FNF:3
FNH:0
FNDA:0,createPlaylist
FNDA:0,findPlaylists
FNDA:0,findPlaylistById
DA:1,1
DA:2,1
DA:5,0
DA:6,0
DA:10,0
DA:14,0
DA:15,0
DA:18,1
LF:8
LH:3
BRDA:14,0,0,0
BRDA:14,0,1,0
BRF:2
BRH:0
end_of_record
TN:
SF:db\dao\userDao.js
FN:4,createUser
FN:9,findUserByUsername
FN:13,findUserById
FNF:3
FNH:0
FNDA:0,createUser
FNDA:0,findUserByUsername
FNDA:0,findUserById
DA:1,1
DA:2,1
DA:5,0
DA:6,0
DA:10,0
DA:14,0
DA:15,0
DA:18,1
LF:8
LH:3
BRDA:14,0,0,0
BRDA:14,0,1,0
BRF:2
BRH:0
end_of_record
TN:
SF:db\models\playlistModel.js
FNF:0
FNH:0
DA:1,1
DA:2,1
DA:4,1
DA:12,1
LF:4
LH:4
BRF:0
BRH:0
end_of_record
TN:
SF:db\models\usersModel.js
FNF:0
FNH:0
DA:1,1
DA:2,1
DA:4,1
DA:9,1
LF:4
LH:4
BRF:0
BRH:0
end_of_record
TN:
SF:lib\converters\modelToId.js
FN:1,modelToId
FNF:1
FNH:0
FNDA:0,modelToId
DA:1,1
DA:2,0
DA:3,0
DA:4,0
LF:4
LH:1
BRF:0
BRH:0
end_of_record
TN:
SF:lib\converters\playlistConverter.js
FN:1,playlistToObject
FN:4,(anonymous_1)
FNF:2
FNH:0
FNDA:0,playlistToObject
FNDA:0,(anonymous_1)
DA:2,0
DA:3,0
DA:4,0
DA:5,0
DA:6,0
DA:7,0
DA:8,0
DA:10,0
DA:13,1
LF:9
LH:1
BRF:0
BRH:0
end_of_record
TN:
SF:lib\converters\userConverter.js
FN:1,userToObject
FNF:1
FNH:0
FNDA:0,userToObject
DA:2,0
DA:3,0
DA:4,0
DA:5,0
DA:8,1
LF:5
LH:1
BRF:0
BRH:0
end_of_record
TN:
SF:lib\passport\authenticate.js
FNF:0
FNH:0
DA:1,1
DA:3,1
LF:2
LH:2
BRF:0
BRH:0
end_of_record
TN:
SF:lib\passport\config.js
FN:4,cookieExtractor
FN:16,(anonymous_1)
FN:18,(anonymous_2)
FN:20,(anonymous_3)
FN:26,(anonymous_4)
FNF:5
FNH:1
FNDA:0,cookieExtractor
FNDA:1,(anonymous_1)
FNDA:0,(anonymous_2)
FNDA:0,(anonymous_3)
FNDA:0,(anonymous_4)
DA:1,1
DA:2,1
DA:5,0
DA:6,0
DA:7,0
DA:10,1
DA:16,1
DA:17,1
DA:19,0
DA:21,0
DA:22,0
DA:24,0
DA:26,0
LF:13
LH:5
BRDA:6,0,0,0
BRDA:6,0,1,0
BRDA:6,1,0,0
BRDA:6,1,1,0
BRDA:21,2,0,0
BRDA:21,2,1,0
BRF:6
BRH:0
end_of_record
TN:
SF:lib\validation\playlistValidation.js
FNF:0
FNH:0
DA:1,1
DA:3,1
DA:11,1
LF:3
LH:3
BRF:0
BRH:0
end_of_record
TN:
SF:lib\validation\userValidation.js
FNF:0
FNH:0
DA:1,1
DA:3,1
DA:8,1
LF:3
LH:3
BRF:0
BRH:0
end_of_record
TN:
SF:routes\playlistRoutes.js
FN:8,(anonymous_0)
FN:22,(anonymous_1)
FN:27,(anonymous_2)
FNF:3
FNH:1
FNDA:0,(anonymous_0)
FNDA:1,(anonymous_1)
FNDA:0,(anonymous_2)
DA:1,1
DA:2,1
DA:3,1
DA:4,1
DA:5,1
DA:6,1
DA:8,1
DA:10,0
DA:11,0
DA:13,0
DA:14,0
DA:15,0
DA:17,0
DA:22,1
DA:23,1
DA:24,1
DA:27,1
DA:28,0
DA:29,0
DA:30,0
DA:33,1
LF:21
LH:12
BRDA:11,0,0,0
BRDA:11,0,1,0
BRDA:29,1,0,0
BRDA:29,1,1,0
BRF:4
BRH:0
end_of_record
TN:
SF:routes\spotifyRoutes.js
FN:6,(anonymous_0)
FN:15,(anonymous_1)
FN:23,(anonymous_2)
FNF:3
FNH:0
FNDA:0,(anonymous_0)
FNDA:0,(anonymous_1)
FNDA:0,(anonymous_2)
DA:1,1
DA:2,1
DA:4,1
DA:6,1
DA:8,0
DA:13,0
DA:17,0
DA:18,0
DA:24,0
DA:28,1
LF:10
LH:5
BRDA:4,0,0,1
BRDA:4,0,1,0
BRF:2
BRH:1
end_of_record
TN:
SF:routes\usersRoutes.js
FN:11,(anonymous_0)
FN:15,(anonymous_1)
FN:21,(anonymous_2)
FN:33,(anonymous_3)
FN:41,(anonymous_4)
FNF:5
FNH:0
FNDA:0,(anonymous_0)
FNDA:0,(anonymous_1)
FNDA:0,(anonymous_2)
FNDA:0,(anonymous_3)
FNDA:0,(anonymous_4)
DA:1,1
DA:2,1
DA:3,1
DA:4,1
DA:5,1
DA:6,1
DA:7,1
DA:8,1
DA:11,1
DA:12,0
DA:15,1
DA:16,0
DA:17,0
DA:18,0
DA:21,1
DA:22,0
DA:23,0
DA:25,0
DA:26,0
DA:29,0
DA:34,0
DA:35,0
DA:36,0
DA:41,1
DA:44,0
DA:45,0
DA:48,0
DA:50,0
DA:53,0
DA:54,0
DA:55,0
DA:56,0
DA:59,0
DA:61,0
DA:65,1
LF:35
LH:13
BRDA:17,0,0,0
BRDA:17,0,1,0
BRDA:23,1,0,0
BRDA:23,1,1,0
BRDA:26,2,0,0
BRDA:26,2,1,0
BRDA:26,3,0,0
BRDA:26,3,1,0
BRDA:34,4,0,0
BRDA:34,4,1,0
BRDA:45,5,0,0
BRDA:45,5,1,0
BRDA:48,6,0,0
BRDA:48,6,1,0
BRF:14
BRH:0
end_of_record
TN:
SF:servers\express.js
FNF:0
FNH:0
DA:1,1
DA:2,1
DA:3,1
DA:4,1
DA:5,1
DA:6,1
DA:7,1
DA:8,1
DA:9,1
DA:10,1
DA:12,1
DA:13,1
DA:14,1
DA:15,1
DA:16,1
DA:17,1
DA:18,1
DA:20,1
DA:21,1
DA:22,1
DA:24,1
LF:21
LH:21
BRF:0
BRH:0
end_of_record
