TN:
SF:db\dao\playlistDao.js
FN:4,createPlaylist
FN:9,findPlaylists
FN:13,findPlaylistById
FNF:3
FNH:0
FNDA:0,createPlaylist
FNDA:0,findPlaylists
FNDA:0,findPlaylistById
DA:1,2
DA:2,2
DA:5,0
DA:6,0
DA:10,0
DA:14,0
DA:15,0
DA:18,2
LF:8
LH:3
BRDA:14,0,0,0
BRDA:14,0,1,0
BRF:2
BRH:0
end_of_record
TN:
SF:db\dao\userDao.js
FN:4,createUser
FN:9,findUserByUsername
FN:13,findUserById
FNF:3
FNH:0
FNDA:0,createUser
FNDA:0,findUserByUsername
FNDA:0,findUserById
DA:1,2
DA:2,2
DA:5,0
DA:6,0
DA:10,0
DA:14,0
DA:15,0
DA:18,2
LF:8
LH:3
BRDA:14,0,0,0
BRDA:14,0,1,0
BRF:2
BRH:0
end_of_record
TN:
SF:db\models\playlistModel.js
FNF:0
FNH:0
DA:1,2
DA:2,2
DA:4,2
DA:12,2
LF:4
LH:4
BRF:0
BRH:0
end_of_record
TN:
SF:db\models\usersModel.js
FNF:0
FNH:0
DA:1,2
DA:2,2
DA:4,2
DA:9,2
LF:4
LH:4
BRF:0
BRH:0
end_of_record
TN:
SF:lib\converters\modelToId.js
FN:1,modelToId
FNF:1
FNH:1
FNDA:2,modelToId
DA:1,2
DA:2,2
DA:3,2
DA:4,2
LF:4
LH:4
BRF:0
BRH:0
end_of_record
TN:
SF:lib\converters\playlistConverter.js
FN:1,playlistToObject
FN:4,(anonymous_1)
FNF:2
FNH:2
FNDA:1,playlistToObject
FNDA:3,(anonymous_1)
DA:2,1
DA:3,1
DA:4,1
DA:5,3
DA:6,3
DA:7,3
DA:8,3
DA:10,1
DA:13,2
LF:9
LH:9
BRF:0
BRH:0
end_of_record
TN:
SF:lib\converters\userConverter.js
FN:1,userToObject
FNF:1
FNH:1
FNDA:2,userToObject
DA:2,2
DA:3,2
DA:4,2
DA:5,2
DA:8,2
LF:5
LH:5
BRF:0
BRH:0
end_of_record
TN:
SF:lib\passport\authenticate.js
FNF:0
FNH:0
DA:1,2
DA:3,2
LF:2
LH:2
BRF:0
BRH:0
end_of_record
TN:
SF:lib\passport\config.js
FN:4,cookieExtractor
FN:16,(anonymous_1)
FN:18,(anonymous_2)
FN:20,(anonymous_3)
FN:26,(anonymous_4)
FNF:5
FNH:4
FNDA:2,cookieExtractor
FNDA:2,(anonymous_1)
FNDA:2,(anonymous_2)
FNDA:2,(anonymous_3)
FNDA:0,(anonymous_4)
DA:1,2
DA:2,2
DA:5,2
DA:6,2
DA:7,2
DA:10,2
DA:16,2
DA:17,2
DA:19,2
DA:21,2
DA:22,2
DA:24,0
DA:26,0
LF:13
LH:11
BRDA:6,0,0,2
BRDA:6,0,1,0
BRDA:6,1,0,2
BRDA:6,1,1,2
BRDA:21,2,0,2
BRDA:21,2,1,0
BRF:6
BRH:4
end_of_record
TN:
SF:lib\validation\playlistValidation.js
FNF:0
FNH:0
DA:1,2
DA:3,2
DA:11,2
LF:3
LH:3
BRF:0
BRH:0
end_of_record
TN:
SF:lib\validation\userValidation.js
FNF:0
FNH:0
DA:1,2
DA:3,2
DA:8,2
LF:3
LH:3
BRF:0
BRH:0
end_of_record
TN:
SF:routes\playlistRoutes.js
FN:8,(anonymous_0)
FN:22,(anonymous_1)
FN:27,(anonymous_2)
FNF:3
FNH:3
FNDA:1,(anonymous_0)
FNDA:1,(anonymous_1)
FNDA:1,(anonymous_2)
DA:1,2
DA:2,2
DA:3,2
DA:4,2
DA:5,2
DA:6,2
DA:8,2
DA:10,1
DA:11,1
DA:13,1
DA:14,1
DA:15,1
DA:17,0
DA:22,2
DA:23,1
DA:24,1
DA:27,2
DA:28,1
DA:29,1
DA:30,1
DA:33,2
LF:21
LH:20
BRDA:11,0,0,0
BRDA:11,0,1,1
BRDA:29,1,0,0
BRDA:29,1,1,1
BRF:4
BRH:2
end_of_record
TN:
SF:routes\spotifyRoutes.js
FN:6,(anonymous_0)
FN:15,(anonymous_1)
FN:23,(anonymous_2)
FNF:3
FNH:0
FNDA:0,(anonymous_0)
FNDA:0,(anonymous_1)
FNDA:0,(anonymous_2)
DA:1,2
DA:2,2
DA:4,2
DA:6,2
DA:8,0
DA:13,0
DA:17,0
DA:18,0
DA:24,0
DA:28,2
LF:10
LH:5
BRDA:4,0,0,2
BRDA:4,0,1,0
BRF:2
BRH:1
end_of_record
TN:
SF:routes\usersRoutes.js
FN:11,(anonymous_0)
FN:15,(anonymous_1)
FN:21,(anonymous_2)
FN:33,(anonymous_3)
FN:41,(anonymous_4)
FNF:5
FNH:5
FNDA:1,(anonymous_0)
FNDA:1,(anonymous_1)
FNDA:1,(anonymous_2)
FNDA:1,(anonymous_3)
FNDA:1,(anonymous_4)
DA:1,2
DA:2,2
DA:3,2
DA:4,2
DA:5,2
DA:6,2
DA:7,2
DA:8,2
DA:11,2
DA:12,1
DA:15,2
DA:16,1
DA:17,1
DA:18,1
DA:21,2
DA:22,1
DA:23,1
DA:25,1
DA:26,1
DA:29,1
DA:34,1
DA:35,1
DA:36,1
DA:41,2
DA:44,1
DA:45,1
DA:48,1
DA:50,1
DA:53,1
DA:54,1
DA:55,1
DA:56,1
DA:59,1
DA:61,0
DA:65,2
LF:35
LH:34
BRDA:17,0,0,0
BRDA:17,0,1,1
BRDA:23,1,0,0
BRDA:23,1,1,1
BRDA:26,2,0,0
BRDA:26,2,1,1
BRDA:26,3,0,1
BRDA:26,3,1,1
BRDA:34,4,0,0
BRDA:34,4,1,1
BRDA:45,5,0,0
BRDA:45,5,1,1
BRDA:48,6,0,0
BRDA:48,6,1,1
BRF:14
BRH:8
end_of_record
TN:
SF:servers\express.js
FNF:0
FNH:0
DA:1,2
DA:2,2
DA:3,2
DA:4,2
DA:5,2
DA:6,2
DA:7,2
DA:8,2
DA:9,2
DA:10,2
DA:12,2
DA:13,2
DA:14,2
DA:15,2
DA:16,2
DA:17,2
DA:18,2
DA:20,2
DA:21,2
DA:22,2
DA:24,2
LF:21
LH:21
BRF:0
BRH:0
end_of_record
